time="2025-02-16T05:25:03+05:00" level=info msg="Logger initialized successfully..."
time="2025-02-16T05:25:03+05:00" level=info msg="CRM: successful login for user=crm@api.com, CRM name=api crm"
time="2025-02-16T05:25:03+05:00" level=info msg="CRM token obtained successfully: c08f53dd0ca20a92ac89938e6eb60190bc0a7da1c4df0e993efd256a3fff5f0c"
time="2025-02-16T05:25:03+05:00" level=info msg="Users cached successfully: map[1:admin@mail.ru 5:daler@mail.ru 6:crm@api.com 7:user@mail.com]"
time="2025-02-16T05:25:03+05:00" level=info msg="Starting HTTP Server..."
time="2025-02-16T05:29:09+05:00" level=info msg="Logger initialized successfully..."
time="2025-02-16T05:29:09+05:00" level=info msg="CRM: successful login for user=crm@api.com, CRM name=api crm"
time="2025-02-16T05:29:09+05:00" level=info msg="CRM token obtained successfully: 72fa4685df60d42040b32a4e8b76cebf6c8e52add378cad629fe42b9b0e6431f"
time="2025-02-16T05:29:09+05:00" level=info msg="Users cached successfully: map[1:admin@mail.ru 5:daler@mail.ru 6:crm@api.com 7:user@mail.com]"
time="2025-02-16T05:29:09+05:00" level=info msg="Starting HTTP Server..."
time="2025-02-16T06:13:18+05:00" level=info msg="Logger initialized successfully..."
time="2025-02-16T06:13:18+05:00" level=info msg="CRM: successful login for user=crm@api.com, CRM name=api crm"
time="2025-02-16T06:13:18+05:00" level=info msg="CRM token obtained successfully: 8a1bfce12781c2239e4fc348ed23d1ab437741a4f513ed9192b8556b7024ef60"
time="2025-02-16T06:13:18+05:00" level=info msg="Users cached successfully: map[1:admin@mail.ru 5:daler@mail.ru 6:crm@api.com 7:user@mail.com]"
time="2025-02-16T06:13:18+05:00" level=info msg="Starting HTTP Server..."
time="2025-02-16T06:13:44+05:00" level=info msg="CRM: successful login for user=admin@mail.ru, CRM name=Administrator Yeti"
time="2025-02-16T06:14:26+05:00" level=error msg="CRM: login request returned code=401, body={\"status\":0,\"error\":{\"message\":\"Internal Server Error\",\"code\":401}}"
time="2025-02-16T06:14:26+05:00" level=warning msg="CRM login failed for user=daler@mail.ru: статус код != 200: 401"
time="2025-02-16T06:14:34+05:00" level=info msg="CRM: successful login for user=daler@mail.ru, CRM name=Давлатов Далер"
time="2025-02-16T06:15:20+05:00" level=info msg="CRM: successful login for user=admin@mail.ru, CRM name=Administrator Yeti"
time="2025-02-16T10:51:45+05:00" level=info msg="Logger initialized successfully..."
time="2025-02-16T10:51:46+05:00" level=info msg="CRM: successful login for user=crm@api.com, CRM name=api crm"
time="2025-02-16T10:51:46+05:00" level=info msg="CRM token obtained successfully: 1d668ef3bfc5dea6867d22d271f04486c723a049592b52aba288936e68b2e6fe"
time="2025-02-16T10:51:46+05:00" level=info msg="Users cached successfully: map[1:admin@mail.ru 5:daler@mail.ru 6:crm@api.com 7:user@mail.com]"
time="2025-02-16T10:51:46+05:00" level=info msg="Starting HTTP Server..."
time="2025-02-16T10:52:10+05:00" level=info msg="CRM: successful login for user=admin@mail.ru, CRM name=Administrator Yeti"
time="2025-02-16T10:52:50+05:00" level=info msg="Logger initialized successfully..."
time="2025-02-16T10:52:50+05:00" level=info msg="CRM: successful login for user=crm@api.com, CRM name=api crm"
time="2025-02-16T10:52:50+05:00" level=info msg="CRM token obtained successfully: f86346348c70d56b6cbde5bcb08205594dcae7e6f19e14d95234037537d1195d"
time="2025-02-16T10:52:50+05:00" level=info msg="Users cached successfully: map[1:admin@mail.ru 5:daler@mail.ru 6:crm@api.com 7:user@mail.com]"
time="2025-02-16T10:52:50+05:00" level=info msg="Starting HTTP Server..."
time="2025-02-16T10:52:57+05:00" level=info msg="FetchUserDataByID: successfully fetched user data for userID=1"
time="2025-02-16T10:52:57+05:00" level=info msg="CRM: successful login for user=admin@mail.ru, CRM name=Administrator Yeti"
time="2025-02-16T11:05:37+05:00" level=info msg="Logger initialized successfully..."
time="2025-02-16T11:05:37+05:00" level=info msg="CRM: successful login for user=crm@api.com, CRM name=api crm"
time="2025-02-16T11:05:37+05:00" level=info msg="CRM token obtained successfully: ccc3af6118b5ed33d0bb133966805b61434ea8842dda8fc9ac77c82cc0fc039f"
time="2025-02-16T11:05:37+05:00" level=info msg="Users cached successfully: map[1:admin@mail.ru 5:daler@mail.ru 6:crm@api.com 7:user@mail.com]"
time="2025-02-16T11:05:37+05:00" level=info msg="Starting HTTP Server..."
time="2025-02-16T11:06:13+05:00" level=info msg="   "
time="2025-02-16T11:06:13+05:00" level=info msg="FetchUserDataByID: successfully fetched user data for userID=1"
time="2025-02-16T11:06:13+05:00" level=info msg="CRM: successful login for user=admin@mail.ru, CRM name=Administrator Yeti"
time="2025-02-16T11:12:21+05:00" level=info msg="Logger initialized successfully..."
time="2025-02-16T11:12:21+05:00" level=info msg="CRM: successful login for user=crm@api.com, CRM name=api crm"
time="2025-02-16T11:12:21+05:00" level=info msg="CRM token obtained successfully: 6c7d3cfb9ac24cd06db14348d838875e3fc5809bce07d568668c85c868787c56"
time="2025-02-16T11:12:21+05:00" level=info msg="Users cached successfully: map[1:admin@mail.ru 5:daler@mail.ru 6:crm@api.com 7:user@mail.com]"
time="2025-02-16T11:12:21+05:00" level=info msg="Starting HTTP Server..."
time="2025-02-16T11:12:26+05:00" level=info msg="admin@mail.ru   "
time="2025-02-16T11:12:26+05:00" level=info msg="FetchUserDataByID: successfully fetched user data for userID=1"
time="2025-02-16T11:12:26+05:00" level=info msg="CRM: successful login for user=admin@mail.ru, CRM name=Administrator Yeti"
time="2025-02-16T11:20:44+05:00" level=info msg="Logger initialized successfully..."
time="2025-02-16T11:20:45+05:00" level=info msg="CRM: successful login for user=crm@api.com, CRM name=api crm"
time="2025-02-16T11:20:45+05:00" level=info msg="CRM token obtained successfully: 8f2dee449aef92b5d7c483e925554318df2c2ec759fa5e9c7eadb8270d47aa9e"
time="2025-02-16T11:20:45+05:00" level=info msg="Users cached successfully: map[1:admin@mail.ru 5:daler@mail.ru 6:crm@api.com 7:user@mail.com]"
time="2025-02-16T11:20:45+05:00" level=info msg="Starting HTTP Server..."
time="2025-02-16T11:21:12+05:00" level=info msg="admin@mail.ru  +992 00 000 4040 "
time="2025-02-16T11:21:12+05:00" level=info msg="FetchUserDataByID: successfully fetched user data for userID=1"
time="2025-02-16T11:21:12+05:00" level=info msg="CRM: successful login for user=admin@mail.ru, CRM name=Administrator Yeti"
time="2025-02-16T11:21:28+05:00" level=info msg="daler@mail.ru 4040\napiKey=asf4a6w4f65as4f68w4fa5s4f6q8w4165as16fq5w1  "
time="2025-02-16T11:21:28+05:00" level=info msg="FetchUserDataByID: successfully fetched user data for userID=5"
time="2025-02-16T11:21:28+05:00" level=info msg="CRM: successful login for user=daler@mail.ru, CRM name=Давлатов Далер"
time="2025-02-16T11:43:13+05:00" level=info msg="CRM request: GET http://127.0.0.1:8000/webservice/WebserviceStandard/Modules"
time="2025-02-16T11:43:13+05:00" level=info msg="Request Headers:"
time="2025-02-16T11:43:13+05:00" level=info msg="  X-Api-Key: ruh3aB5uVDwwQNKkCV83RTqX8Wfwxtc5"
time="2025-02-16T11:43:13+05:00" level=info msg="  Authorization: Basic dGVzdDoxMjM0NTY3ODk="
time="2025-02-16T11:43:13+05:00" level=info msg="  X-Token: f725c4ce073744287176500d8b4857e74da97306577c36ce03c893cad813d0e9"
time="2025-02-16T11:43:13+05:00" level=info msg="  Content-Type: application/json"
time="2025-02-16T11:43:13+05:00" level=info msg="CRM request: GET http://127.0.0.1:8000/webservice/WebserviceStandard/Modules"
time="2025-02-16T11:43:13+05:00" level=info msg="Request Headers:"
time="2025-02-16T11:43:13+05:00" level=info msg="  Authorization: Basic dGVzdDoxMjM0NTY3ODk="
time="2025-02-16T11:43:13+05:00" level=info msg="  X-Token: f725c4ce073744287176500d8b4857e74da97306577c36ce03c893cad813d0e9"
time="2025-02-16T11:43:13+05:00" level=info msg="  Content-Type: application/json"
time="2025-02-16T11:43:13+05:00" level=info msg="  X-Api-Key: ruh3aB5uVDwwQNKkCV83RTqX8Wfwxtc5"
time="2025-02-16T11:43:14+05:00" level=info msg="CRM response status: 401 Unauthorized"
time="2025-02-16T11:43:14+05:00" level=info msg="Response Headers:"
time="2025-02-16T11:43:14+05:00" level=info msg="  Expect-Ct: enforce; max-age=3600"
time="2025-02-16T11:43:14+05:00" level=info msg="  Connection: keep-alive"
time="2025-02-16T11:43:14+05:00" level=info msg="  Encrypted: 0"
time="2025-02-16T11:43:14+05:00" level=info msg="  Referrer-Policy: no-referrer"
time="2025-02-16T11:43:14+05:00" level=info msg="  Strict-Transport-Security: max-age=31536000; includeSubDomains; preload"
time="2025-02-16T11:43:14+05:00" level=info msg="  Content-Type: application/json"
time="2025-02-16T11:43:14+05:00" level=info msg="  Cache-Control: private, no-cache, no-store, must-revalidate, post-check=0, pre-check=0"
time="2025-02-16T11:43:14+05:00" level=info msg="  X-Frame-Options: SAMEORIGIN"
time="2025-02-16T11:43:14+05:00" level=info msg="  X-Robots-Tag: none"
time="2025-02-16T11:43:14+05:00" level=info msg="  X-Permitted-Cross-Domain-Policies: none"
time="2025-02-16T11:43:14+05:00" level=info msg="  Date: Sun, 16 Feb 2025 06:43:14 GMT"
time="2025-02-16T11:43:14+05:00" level=info msg="  Access-Control-Allow-Methods: "
time="2025-02-16T11:43:14+05:00" level=info msg="  Access-Control-Allow-Headers: Origin, X-Requested-With, Content-Type, Accept, Authorization, x-api-key, x-encrypted, x-token"
time="2025-02-16T11:43:14+05:00" level=info msg="  Content-Disposition: attachment; filename=\"api.json\""
time="2025-02-16T11:43:14+05:00" level=info msg="  X-Xss-Protection: 1; mode=block"
time="2025-02-16T11:43:14+05:00" level=info msg="  Access-Control-Allow-Origin: *"
time="2025-02-16T11:43:14+05:00" level=info msg="  X-Content-Type-Options: nosniff"
time="2025-02-16T11:43:14+05:00" level=info msg="Response Body: {\"status\":0,\"error\":{\"message\":\"Internal Server Error\",\"code\":401}}"
time="2025-02-16T11:43:14+05:00" level=error msg="CRM: non-200 code: 401, body={\"status\":0,\"error\":{\"message\":\"Internal Server Error\",\"code\":401}}"
time="2025-02-16T11:43:14+05:00" level=error msg="crmGetModulesHandler: GetModules failed: CRM request failed with status=401"
time="2025-02-16T11:43:14+05:00" level=info msg="CRM response status: 401 Unauthorized"
time="2025-02-16T11:43:14+05:00" level=info msg="Response Headers:"
time="2025-02-16T11:43:14+05:00" level=info msg="  Content-Type: application/json"
time="2025-02-16T11:43:14+05:00" level=info msg="  Connection: keep-alive"
time="2025-02-16T11:43:14+05:00" level=info msg="  Access-Control-Allow-Origin: *"
time="2025-02-16T11:43:14+05:00" level=info msg="  Encrypted: 0"
time="2025-02-16T11:43:14+05:00" level=info msg="  Referrer-Policy: no-referrer"
time="2025-02-16T11:43:14+05:00" level=info msg="  X-Permitted-Cross-Domain-Policies: none"
time="2025-02-16T11:43:14+05:00" level=info msg="  Expect-Ct: enforce; max-age=3600"
time="2025-02-16T11:43:14+05:00" level=info msg="  Access-Control-Allow-Methods: "
time="2025-02-16T11:43:14+05:00" level=info msg="  X-Robots-Tag: none"
time="2025-02-16T11:43:14+05:00" level=info msg="  Date: Sun, 16 Feb 2025 06:43:14 GMT"
time="2025-02-16T11:43:14+05:00" level=info msg="  Cache-Control: private, no-cache, no-store, must-revalidate, post-check=0, pre-check=0"
time="2025-02-16T11:43:14+05:00" level=info msg="  X-Frame-Options: SAMEORIGIN"
time="2025-02-16T11:43:14+05:00" level=info msg="  Strict-Transport-Security: max-age=31536000; includeSubDomains; preload"
time="2025-02-16T11:43:14+05:00" level=info msg="  Access-Control-Allow-Headers: Origin, X-Requested-With, Content-Type, Accept, Authorization, x-api-key, x-encrypted, x-token"
time="2025-02-16T11:43:14+05:00" level=info msg="  Content-Disposition: attachment; filename=\"api.json\""
time="2025-02-16T11:43:14+05:00" level=info msg="  X-Xss-Protection: 1; mode=block"
time="2025-02-16T11:43:14+05:00" level=info msg="  X-Content-Type-Options: nosniff"
time="2025-02-16T11:43:14+05:00" level=info msg="Response Body: {\"status\":0,\"error\":{\"message\":\"Internal Server Error\",\"code\":401}}"
time="2025-02-16T11:43:14+05:00" level=error msg="CRM: non-200 code: 401, body={\"status\":0,\"error\":{\"message\":\"Internal Server Error\",\"code\":401}}"
time="2025-02-16T11:43:14+05:00" level=error msg="crmGetModulesHandler: GetModules failed: CRM request failed with status=401"
